c:\users\barnen\desktop\skriptinggame2d\skriptinggame\scriptingproject\luaproject\application\int\vc143.pdb
c:\users\barnen\desktop\skriptinggame2d\skriptinggame\scriptingproject\luaproject\application\int\vc143.idb
c:\users\barnen\desktop\skriptinggame2d\skriptinggame\scriptingproject\luaproject\application\int\test.obj
c:\users\barnen\desktop\skriptinggame2d\skriptinggame\scriptingproject\luaproject\application\int\main.obj
c:\users\barnen\desktop\skriptinggame2d\skriptinggame\scriptingproject\luaproject\application\int\jahopp.obj
c:\users\barnen\desktop\skriptinggame2d\skriptinggame\scriptingproject\luaproject\application\int\application_d.ilk
c:\users\barnen\desktop\skriptinggame2d\skriptinggame\scriptingproject\luaproject\application\/bin/application_d.pdb
c:\users\barnen\desktop\skriptinggame2d\skriptinggame\scriptingproject\luaproject\application\/int/application.vcxproj.filelistabsolute.txt
c:\users\barnen\desktop\skriptinggame2d\skriptinggame\scriptingproject\luaproject\application\int\application.tlog\cl.command.1.tlog
c:\users\barnen\desktop\skriptinggame2d\skriptinggame\scriptingproject\luaproject\application\int\application.tlog\cl.items.tlog
c:\users\barnen\desktop\skriptinggame2d\skriptinggame\scriptingproject\luaproject\application\int\application.tlog\cl.read.1.tlog
c:\users\barnen\desktop\skriptinggame2d\skriptinggame\scriptingproject\luaproject\application\int\application.tlog\cl.write.1.tlog
c:\users\barnen\desktop\skriptinggame2d\skriptinggame\scriptingproject\luaproject\application\int\application.tlog\link-cvtres.read.1.tlog
c:\users\barnen\desktop\skriptinggame2d\skriptinggame\scriptingproject\luaproject\application\int\application.tlog\link-cvtres.write.1.tlog
c:\users\barnen\desktop\skriptinggame2d\skriptinggame\scriptingproject\luaproject\application\int\application.tlog\link-rc.read.1.tlog
c:\users\barnen\desktop\skriptinggame2d\skriptinggame\scriptingproject\luaproject\application\int\application.tlog\link-rc.write.1.tlog
c:\users\barnen\desktop\skriptinggame2d\skriptinggame\scriptingproject\luaproject\application\int\application.tlog\link.15816-cvtres.read.1.tlog
c:\users\barnen\desktop\skriptinggame2d\skriptinggame\scriptingproject\luaproject\application\int\application.tlog\link.15816-cvtres.write.1.tlog
c:\users\barnen\desktop\skriptinggame2d\skriptinggame\scriptingproject\luaproject\application\int\application.tlog\link.15816-rc.read.1.tlog
c:\users\barnen\desktop\skriptinggame2d\skriptinggame\scriptingproject\luaproject\application\int\application.tlog\link.15816-rc.write.1.tlog
c:\users\barnen\desktop\skriptinggame2d\skriptinggame\scriptingproject\luaproject\application\int\application.tlog\link.15816.read.1.tlog
c:\users\barnen\desktop\skriptinggame2d\skriptinggame\scriptingproject\luaproject\application\int\application.tlog\link.15816.read.2.tlog
c:\users\barnen\desktop\skriptinggame2d\skriptinggame\scriptingproject\luaproject\application\int\application.tlog\link.15816.write.1.tlog
c:\users\barnen\desktop\skriptinggame2d\skriptinggame\scriptingproject\luaproject\application\int\application.tlog\link.command.1.tlog
c:\users\barnen\desktop\skriptinggame2d\skriptinggame\scriptingproject\luaproject\application\int\application.tlog\link.read.1.tlog
c:\users\barnen\desktop\skriptinggame2d\skriptinggame\scriptingproject\luaproject\application\int\application.tlog\link.read.2.tlog
c:\users\barnen\desktop\skriptinggame2d\skriptinggame\scriptingproject\luaproject\application\int\application.tlog\link.secondary.1.tlog
c:\users\barnen\desktop\skriptinggame2d\skriptinggame\scriptingproject\luaproject\application\int\application.tlog\link.write.1.tlog
